Detecting compiler hash for triplet arm64-osx...
Compiler found: /usr/bin/c++
The following packages are already installed:
  * brotli:arm64-osx@1.1.0#1
  * bzip2[core,tool]:arm64-osx@1.0.8#6
  * freetype[brotli,bzip2,core,png,zlib]:arm64-osx@2.13.3
  * libpng:arm64-osx@1.6.50
    sdl3:arm64-osx@3.2.20
    sdl3-image[core,png]:arm64-osx@3.2.4
    sdl3-ttf:arm64-osx@3.2.2#1
  * vcpkg-cmake:arm64-osx@2024-04-23
  * vcpkg-cmake-config:arm64-osx@2024-05-23
  * zlib:arm64-osx@1.3.1
sdl3 provides CMake targets:

  find_package(SDL3 CONFIG REQUIRED)
  target_link_libraries(main PRIVATE SDL3::SDL3)

sdl3-image provides CMake targets:

  find_package(SDL3_image CONFIG REQUIRED)
  target_link_libraries(main PRIVATE $<IF:$<TARGET_EXISTS:SDL3_image::SDL3_image-shared>,SDL3_image::SDL3_image-shared,SDL3_image::SDL3_image-static>)

sdl3-image provides pkg-config modules:

  # image loading library for Simple DirectMedia Layer
  sdl3-image

sdl3-ttf provides CMake targets:

  find_package(SDL3_ttf CONFIG REQUIRED)
  target_link_libraries(main PRIVATE SDL3_ttf::SDL3_ttf)

All requested installations completed successfully in: 117 us
